0 info it worked if it ends with ok
1 verbose cli [ '/usr/local/Cellar/node/6.0.0/bin/node',
1 verbose cli   '/usr/local/bin/npm',
1 verbose cli   'install',
1 verbose cli   'my-logo.png',
1 verbose cli   '--save' ]
2 info using npm@3.8.6
3 info using node@v6.0.0
4 silly loadCurrentTree Starting
5 silly install loadCurrentTree
6 silly install readLocalPackageData
7 silly fetchPackageMetaData my-logo.png
8 silly fetchOtherPackageData my-logo.png
9 silly cache add args [ 'my-logo.png', null ]
10 verbose cache add spec my-logo.png
11 silly cache add parsed spec Result {
11 silly cache add   raw: 'my-logo.png',
11 silly cache add   scope: null,
11 silly cache add   name: null,
11 silly cache add   rawSpec: 'my-logo.png',
11 silly cache add   spec: '/Users/Adam1/react_apps/personal_site/personal_site/my-logo.png',
11 silly cache add   type: 'local' }
12 silly addLocalTarball shasum (computed) 21d582715b3370828356e6c6f6d482b0d1cc340e
13 verbose addTmpTarball /Users/Adam1/react_apps/personal_site/personal_site/my-logo.png not in flight; adding
14 verbose correctMkdir /Users/Adam1/.npm correctMkdir not in flight; initializing
15 verbose addTmpTarball validating metadata from /Users/Adam1/react_apps/personal_site/personal_site/my-logo.png
16 verbose tar unpack /Users/Adam1/react_apps/personal_site/personal_site/my-logo.png
17 verbose tar unpacking to /var/folders/k8/k2_hk13j7v7f_9zl_myvs10h0000gp/T/npm-72266-3ca8b818/unpack-b5ddb201
18 silly gentlyRm /var/folders/k8/k2_hk13j7v7f_9zl_myvs10h0000gp/T/npm-72266-3ca8b818/unpack-b5ddb201 is being purged
19 verbose gentlyRm don't care about contents; nuking /var/folders/k8/k2_hk13j7v7f_9zl_myvs10h0000gp/T/npm-72266-3ca8b818/unpack-b5ddb201
20 silly gunzTarPerm modes [ '755', '644' ]
21 error not a package /Users/Adam1/react_apps/personal_site/personal_site/my-logo.png
22 error addLocal Could not install /Users/Adam1/react_apps/personal_site/personal_site/my-logo.png
23 silly fetchPackageMetaData Error: ENOENT: no such file or directory, open '/var/folders/k8/k2_hk13j7v7f_9zl_myvs10h0000gp/T/npm-72266-3ca8b818/unpack-b5ddb201/package.json'
23 silly fetchPackageMetaData     at Error (native)
23 silly fetchPackageMetaData  error for my-logo.png { Error: ENOENT: no such file or directory, open '/var/folders/k8/k2_hk13j7v7f_9zl_myvs10h0000gp/T/npm-72266-3ca8b818/unpack-b5ddb201/package.json'
23 silly fetchPackageMetaData     at Error (native)
23 silly fetchPackageMetaData   errno: -2,
23 silly fetchPackageMetaData   code: 'ENOENT',
23 silly fetchPackageMetaData   syscall: 'open',
23 silly fetchPackageMetaData   path: '/var/folders/k8/k2_hk13j7v7f_9zl_myvs10h0000gp/T/npm-72266-3ca8b818/unpack-b5ddb201/package.json' }
24 silly rollbackFailedOptional Starting
25 silly rollbackFailedOptional Finishing
26 silly runTopLevelLifecycles Starting
27 silly runTopLevelLifecycles Finishing
28 silly install printInstalled
29 verbose stack Error: ENOENT: no such file or directory, open '/var/folders/k8/k2_hk13j7v7f_9zl_myvs10h0000gp/T/npm-72266-3ca8b818/unpack-b5ddb201/package.json'
29 verbose stack     at Error (native)
30 verbose cwd /Users/Adam1/react_apps/personal_site/personal_site
31 error Darwin 15.4.0
32 error argv "/usr/local/Cellar/node/6.0.0/bin/node" "/usr/local/bin/npm" "install" "my-logo.png" "--save"
33 error node v6.0.0
34 error npm  v3.8.6
35 error path /var/folders/k8/k2_hk13j7v7f_9zl_myvs10h0000gp/T/npm-72266-3ca8b818/unpack-b5ddb201/package.json
36 error code ENOENT
37 error errno -2
38 error syscall open
39 error enoent ENOENT: no such file or directory, open '/var/folders/k8/k2_hk13j7v7f_9zl_myvs10h0000gp/T/npm-72266-3ca8b818/unpack-b5ddb201/package.json'
40 error enoent ENOENT: no such file or directory, open '/var/folders/k8/k2_hk13j7v7f_9zl_myvs10h0000gp/T/npm-72266-3ca8b818/unpack-b5ddb201/package.json'
40 error enoent This is most likely not a problem with npm itself
40 error enoent and is related to npm not being able to find a file.
41 verbose exit [ -2, true ]
